CRITICAL - 2020-07-21 21:18:22 --> Undefined variable: orang
#0 C:\xampp\htdocs\migration\app\Views\orang\index.php(20): CodeIgniter\Debug\Exceptions->errorHandler(8, 'Undefined varia...', 'C:\\xampp\\htdocs...', 20, Array)
#1 C:\xampp\htdocs\migration\vendor\codeigniter4\framework\system\View\View.php(246): include('C:\\xampp\\htdocs...')
#2 C:\xampp\htdocs\migration\vendor\codeigniter4\framework\system\Common.php(1087): CodeIgniter\View\View->render('orang/index', Array, true)
#3 C:\xampp\htdocs\migration\app\Controllers\Orang.php(31): view('orang/index', Array)
#4 C:\xampp\htdocs\migration\vendor\codeigniter4\framework\system\CodeIgniter.php(914): App\Controllers\Orang->index()
#5 C:\xampp\htdocs\migration\vendor\codeigniter4\framework\system\CodeIgniter.php(400): CodeIgniter\CodeIgniter->runController(Object(App\Controllers\Orang))
#6 C:\xampp\htdocs\migration\vendor\codeigniter4\framework\system\CodeIgniter.php(308): CodeIgniter\CodeIgniter->handleRequest(NULL, Object(Config\Cache), false)
#7 C:\xampp\htdocs\migration\public\index.php(45): CodeIgniter\CodeIgniter->run()
#8 C:\xampp\htdocs\migration\vendor\codeigniter4\framework\system\Commands\Server\rewrite.php(34): require_once('C:\\xampp\\htdocs...')
#9 {main}
CRITICAL - 2020-07-21 21:31:42 --> orang_paginaton is not a valid Pager template.
#0 C:\xampp\htdocs\migration\vendor\codeigniter4\framework\system\Pager\Pager.php(182): CodeIgniter\Pager\Exceptions\PagerException::forInvalidTemplate('orang_paginaton')
#1 C:\xampp\htdocs\migration\vendor\codeigniter4\framework\system\Pager\Pager.php(121): CodeIgniter\Pager\Pager->displayLinks('orang', 'orang_paginaton')
#2 C:\xampp\htdocs\migration\app\Views\orang\index.php(32): CodeIgniter\Pager\Pager->links('orang', 'orang_paginaton')
#3 C:\xampp\htdocs\migration\vendor\codeigniter4\framework\system\View\View.php(246): include('C:\\xampp\\htdocs...')
#4 C:\xampp\htdocs\migration\vendor\codeigniter4\framework\system\Common.php(1087): CodeIgniter\View\View->render('orang/index', Array, true)
#5 C:\xampp\htdocs\migration\app\Controllers\Orang.php(33): view('orang/index', Array)
#6 C:\xampp\htdocs\migration\vendor\codeigniter4\framework\system\CodeIgniter.php(914): App\Controllers\Orang->index()
#7 C:\xampp\htdocs\migration\vendor\codeigniter4\framework\system\CodeIgniter.php(400): CodeIgniter\CodeIgniter->runController(Object(App\Controllers\Orang))
#8 C:\xampp\htdocs\migration\vendor\codeigniter4\framework\system\CodeIgniter.php(308): CodeIgniter\CodeIgniter->handleRequest(NULL, Object(Config\Cache), false)
#9 C:\xampp\htdocs\migration\public\index.php(45): CodeIgniter\CodeIgniter->run()
#10 C:\xampp\htdocs\migration\vendor\codeigniter4\framework\system\Commands\Server\rewrite.php(34): require_once('C:\\xampp\\htdocs...')
#11 {main}
CRITICAL - 2020-07-21 21:32:07 --> orang_paginaton is not a valid Pager template.
#0 C:\xampp\htdocs\migration\vendor\codeigniter4\framework\system\Pager\Pager.php(182): CodeIgniter\Pager\Exceptions\PagerException::forInvalidTemplate('orang_paginaton')
#1 C:\xampp\htdocs\migration\vendor\codeigniter4\framework\system\Pager\Pager.php(121): CodeIgniter\Pager\Pager->displayLinks('orang', 'orang_paginaton')
#2 C:\xampp\htdocs\migration\app\Views\orang\index.php(32): CodeIgniter\Pager\Pager->links('orang', 'orang_paginaton')
#3 C:\xampp\htdocs\migration\vendor\codeigniter4\framework\system\View\View.php(246): include('C:\\xampp\\htdocs...')
#4 C:\xampp\htdocs\migration\vendor\codeigniter4\framework\system\Common.php(1087): CodeIgniter\View\View->render('orang/index', Array, true)
#5 C:\xampp\htdocs\migration\app\Controllers\Orang.php(33): view('orang/index', Array)
#6 C:\xampp\htdocs\migration\vendor\codeigniter4\framework\system\CodeIgniter.php(914): App\Controllers\Orang->index()
#7 C:\xampp\htdocs\migration\vendor\codeigniter4\framework\system\CodeIgniter.php(400): CodeIgniter\CodeIgniter->runController(Object(App\Controllers\Orang))
#8 C:\xampp\htdocs\migration\vendor\codeigniter4\framework\system\CodeIgniter.php(308): CodeIgniter\CodeIgniter->handleRequest(NULL, Object(Config\Cache), false)
#9 C:\xampp\htdocs\migration\public\index.php(45): CodeIgniter\CodeIgniter->run()
#10 C:\xampp\htdocs\migration\vendor\codeigniter4\framework\system\Commands\Server\rewrite.php(34): require_once('C:\\xampp\\htdocs...')
#11 {main}
CRITICAL - 2020-07-21 21:32:10 --> orang_paginaton is not a valid Pager template.
#0 C:\xampp\htdocs\migration\vendor\codeigniter4\framework\system\Pager\Pager.php(182): CodeIgniter\Pager\Exceptions\PagerException::forInvalidTemplate('orang_paginaton')
#1 C:\xampp\htdocs\migration\vendor\codeigniter4\framework\system\Pager\Pager.php(121): CodeIgniter\Pager\Pager->displayLinks('orang', 'orang_paginaton')
#2 C:\xampp\htdocs\migration\app\Views\orang\index.php(32): CodeIgniter\Pager\Pager->links('orang', 'orang_paginaton')
#3 C:\xampp\htdocs\migration\vendor\codeigniter4\framework\system\View\View.php(246): include('C:\\xampp\\htdocs...')
#4 C:\xampp\htdocs\migration\vendor\codeigniter4\framework\system\Common.php(1087): CodeIgniter\View\View->render('orang/index', Array, true)
#5 C:\xampp\htdocs\migration\app\Controllers\Orang.php(33): view('orang/index', Array)
#6 C:\xampp\htdocs\migration\vendor\codeigniter4\framework\system\CodeIgniter.php(914): App\Controllers\Orang->index()
#7 C:\xampp\htdocs\migration\vendor\codeigniter4\framework\system\CodeIgniter.php(400): CodeIgniter\CodeIgniter->runController(Object(App\Controllers\Orang))
#8 C:\xampp\htdocs\migration\vendor\codeigniter4\framework\system\CodeIgniter.php(308): CodeIgniter\CodeIgniter->handleRequest(NULL, Object(Config\Cache), false)
#9 C:\xampp\htdocs\migration\public\index.php(45): CodeIgniter\CodeIgniter->run()
#10 C:\xampp\htdocs\migration\vendor\codeigniter4\framework\system\Commands\Server\rewrite.php(34): require_once('C:\\xampp\\htdocs...')
#11 {main}
CRITICAL - 2020-07-21 21:35:53 --> orang_paginaton is not a valid Pager template.
#0 C:\xampp\htdocs\migration\vendor\codeigniter4\framework\system\Pager\Pager.php(182): CodeIgniter\Pager\Exceptions\PagerException::forInvalidTemplate('orang_paginaton')
#1 C:\xampp\htdocs\migration\vendor\codeigniter4\framework\system\Pager\Pager.php(121): CodeIgniter\Pager\Pager->displayLinks('orang', 'orang_paginaton')
#2 C:\xampp\htdocs\migration\app\Views\orang\index.php(32): CodeIgniter\Pager\Pager->links('orang', 'orang_paginaton')
#3 C:\xampp\htdocs\migration\vendor\codeigniter4\framework\system\View\View.php(246): include('C:\\xampp\\htdocs...')
#4 C:\xampp\htdocs\migration\vendor\codeigniter4\framework\system\Common.php(1087): CodeIgniter\View\View->render('orang/index', Array, true)
#5 C:\xampp\htdocs\migration\app\Controllers\Orang.php(33): view('orang/index', Array)
#6 C:\xampp\htdocs\migration\vendor\codeigniter4\framework\system\CodeIgniter.php(914): App\Controllers\Orang->index()
#7 C:\xampp\htdocs\migration\vendor\codeigniter4\framework\system\CodeIgniter.php(400): CodeIgniter\CodeIgniter->runController(Object(App\Controllers\Orang))
#8 C:\xampp\htdocs\migration\vendor\codeigniter4\framework\system\CodeIgniter.php(308): CodeIgniter\CodeIgniter->handleRequest(NULL, Object(Config\Cache), false)
#9 C:\xampp\htdocs\migration\public\index.php(45): CodeIgniter\CodeIgniter->run()
#10 C:\xampp\htdocs\migration\vendor\codeigniter4\framework\system\Commands\Server\rewrite.php(34): require_once('C:\\xampp\\htdocs...')
#11 {main}
CRITICAL - 2020-07-21 21:37:33 --> orang_paginaton is not a valid Pager template.
#0 C:\xampp\htdocs\migration\vendor\codeigniter4\framework\system\Pager\Pager.php(182): CodeIgniter\Pager\Exceptions\PagerException::forInvalidTemplate('orang_paginaton')
#1 C:\xampp\htdocs\migration\vendor\codeigniter4\framework\system\Pager\Pager.php(121): CodeIgniter\Pager\Pager->displayLinks('orang', 'orang_paginaton')
#2 C:\xampp\htdocs\migration\app\Views\orang\index.php(32): CodeIgniter\Pager\Pager->links('orang', 'orang_paginaton')
#3 C:\xampp\htdocs\migration\vendor\codeigniter4\framework\system\View\View.php(246): include('C:\\xampp\\htdocs...')
#4 C:\xampp\htdocs\migration\vendor\codeigniter4\framework\system\Common.php(1087): CodeIgniter\View\View->render('orang/index', Array, true)
#5 C:\xampp\htdocs\migration\app\Controllers\Orang.php(33): view('orang/index', Array)
#6 C:\xampp\htdocs\migration\vendor\codeigniter4\framework\system\CodeIgniter.php(914): App\Controllers\Orang->index()
#7 C:\xampp\htdocs\migration\vendor\codeigniter4\framework\system\CodeIgniter.php(400): CodeIgniter\CodeIgniter->runController(Object(App\Controllers\Orang))
#8 C:\xampp\htdocs\migration\vendor\codeigniter4\framework\system\CodeIgniter.php(308): CodeIgniter\CodeIgniter->handleRequest(NULL, Object(Config\Cache), false)
#9 C:\xampp\htdocs\migration\public\index.php(45): CodeIgniter\CodeIgniter->run()
#10 C:\xampp\htdocs\migration\vendor\codeigniter4\framework\system\Commands\Server\rewrite.php(34): require_once('C:\\xampp\\htdocs...')
#11 {main}
CRITICAL - 2020-07-21 21:37:44 --> orang_paginaton is not a valid Pager template.
#0 C:\xampp\htdocs\migration\vendor\codeigniter4\framework\system\Pager\Pager.php(182): CodeIgniter\Pager\Exceptions\PagerException::forInvalidTemplate('orang_paginaton')
#1 C:\xampp\htdocs\migration\vendor\codeigniter4\framework\system\Pager\Pager.php(121): CodeIgniter\Pager\Pager->displayLinks('orang', 'orang_paginaton')
#2 C:\xampp\htdocs\migration\app\Views\orang\index.php(32): CodeIgniter\Pager\Pager->links('orang', 'orang_paginaton')
#3 C:\xampp\htdocs\migration\vendor\codeigniter4\framework\system\View\View.php(246): include('C:\\xampp\\htdocs...')
#4 C:\xampp\htdocs\migration\vendor\codeigniter4\framework\system\Common.php(1087): CodeIgniter\View\View->render('orang/index', Array, true)
#5 C:\xampp\htdocs\migration\app\Controllers\Orang.php(33): view('orang/index', Array)
#6 C:\xampp\htdocs\migration\vendor\codeigniter4\framework\system\CodeIgniter.php(914): App\Controllers\Orang->index()
#7 C:\xampp\htdocs\migration\vendor\codeigniter4\framework\system\CodeIgniter.php(400): CodeIgniter\CodeIgniter->runController(Object(App\Controllers\Orang))
#8 C:\xampp\htdocs\migration\vendor\codeigniter4\framework\system\CodeIgniter.php(308): CodeIgniter\CodeIgniter->handleRequest(NULL, Object(Config\Cache), false)
#9 C:\xampp\htdocs\migration\public\index.php(45): CodeIgniter\CodeIgniter->run()
#10 C:\xampp\htdocs\migration\vendor\codeigniter4\framework\system\Commands\Server\rewrite.php(34): require_once('C:\\xampp\\htdocs...')
#11 {main}
CRITICAL - 2020-07-21 21:39:12 --> orang_paginaton is not a valid Pager template.
#0 C:\xampp\htdocs\migration\vendor\codeigniter4\framework\system\Pager\Pager.php(182): CodeIgniter\Pager\Exceptions\PagerException::forInvalidTemplate('orang_paginaton')
#1 C:\xampp\htdocs\migration\vendor\codeigniter4\framework\system\Pager\Pager.php(121): CodeIgniter\Pager\Pager->displayLinks('orang', 'orang_paginaton')
#2 C:\xampp\htdocs\migration\app\Views\orang\index.php(32): CodeIgniter\Pager\Pager->links('orang', 'orang_paginaton')
#3 C:\xampp\htdocs\migration\vendor\codeigniter4\framework\system\View\View.php(246): include('C:\\xampp\\htdocs...')
#4 C:\xampp\htdocs\migration\vendor\codeigniter4\framework\system\Common.php(1087): CodeIgniter\View\View->render('orang/index', Array, true)
#5 C:\xampp\htdocs\migration\app\Controllers\Orang.php(33): view('orang/index', Array)
#6 C:\xampp\htdocs\migration\vendor\codeigniter4\framework\system\CodeIgniter.php(914): App\Controllers\Orang->index()
#7 C:\xampp\htdocs\migration\vendor\codeigniter4\framework\system\CodeIgniter.php(400): CodeIgniter\CodeIgniter->runController(Object(App\Controllers\Orang))
#8 C:\xampp\htdocs\migration\vendor\codeigniter4\framework\system\CodeIgniter.php(308): CodeIgniter\CodeIgniter->handleRequest(NULL, Object(Config\Cache), false)
#9 C:\xampp\htdocs\migration\public\index.php(45): CodeIgniter\CodeIgniter->run()
#10 C:\xampp\htdocs\migration\vendor\codeigniter4\framework\system\Commands\Server\rewrite.php(34): require_once('C:\\xampp\\htdocs...')
#11 {main}
CRITICAL - 2020-07-21 22:11:03 --> Undefined variable: orang
#0 C:\xampp\htdocs\migration\app\Controllers\Orang.php(28): CodeIgniter\Debug\Exceptions->errorHandler(8, 'Undefined varia...', 'C:\\xampp\\htdocs...', 28, Array)
#1 C:\xampp\htdocs\migration\vendor\codeigniter4\framework\system\CodeIgniter.php(914): App\Controllers\Orang->index()
#2 C:\xampp\htdocs\migration\vendor\codeigniter4\framework\system\CodeIgniter.php(400): CodeIgniter\CodeIgniter->runController(Object(App\Controllers\Orang))
#3 C:\xampp\htdocs\migration\vendor\codeigniter4\framework\system\CodeIgniter.php(308): CodeIgniter\CodeIgniter->handleRequest(NULL, Object(Config\Cache), false)
#4 C:\xampp\htdocs\migration\public\index.php(45): CodeIgniter\CodeIgniter->run()
#5 C:\xampp\htdocs\migration\vendor\codeigniter4\framework\system\Commands\Server\rewrite.php(34): require_once('C:\\xampp\\htdocs...')
#6 {main}
